Determining if the pthread_create exist failed with the following output:
Change Dir: /home/jr/SLAM/build/CMakeFiles/CMakeTmp

Run Build Command:"/usr/bin/make" "cmTC_3d62d/fast"
/usr/bin/make -f CMakeFiles/cmTC_3d62d.dir/build.make CMakeFiles/cmTC_3d62d.dir/build
make[1]: Entering directory '/home/jr/SLAM/build/CMakeFiles/CMakeTmp'
Building CXX object CMakeFiles/cmTC_3d62d.dir/CheckSymbolExists.cxx.o
/usr/bin/g++    -std=gnu++14 -o CMakeFiles/cmTC_3d62d.dir/CheckSymbolExists.cxx.o -c /home/jr/SLAM/build/CMakeFiles/CMakeTmp/CheckSymbolExists.cxx
Linking CXX executable cmTC_3d62d
/usr/bin/cmake -E cmake_link_script CMakeFiles/cmTC_3d62d.dir/link.txt --verbose=1
/usr/bin/g++       CMakeFiles/cmTC_3d62d.dir/CheckSymbolExists.cxx.o  -o cmTC_3d62d 
CMakeFiles/cmTC_3d62d.dir/CheckSymbolExists.cxx.o: In function `main':
CheckSymbolExists.cxx:(.text+0x1b): undefined reference to `pthread_create'
collect2: error: ld returned 1 exit status
CMakeFiles/cmTC_3d62d.dir/build.make:97: recipe for target 'cmTC_3d62d' failed
make[1]: *** [cmTC_3d62d] Error 1
make[1]: Leaving directory '/home/jr/SLAM/build/CMakeFiles/CMakeTmp'
Makefile:126: recipe for target 'cmTC_3d62d/fast' failed
make: *** [cmTC_3d62d/fast] Error 2

File /home/jr/SLAM/build/CMakeFiles/CMakeTmp/CheckSymbolExists.cxx:
/* */
#include <pthread.h>

int main(int argc, char** argv)
{
  (void)argv;
#ifndef pthread_create
  return ((int*)(&pthread_create))[argc];
#else
  (void)argc;
  return 0;
#endif
}

Determining if the function pthread_create exists in the pthreads failed with the following output:
Change Dir: /home/jr/SLAM/build/CMakeFiles/CMakeTmp

Run Build Command:"/usr/bin/make" "cmTC_e7f7a/fast"
/usr/bin/make -f CMakeFiles/cmTC_e7f7a.dir/build.make CMakeFiles/cmTC_e7f7a.dir/build
make[1]: Entering directory '/home/jr/SLAM/build/CMakeFiles/CMakeTmp'
Building CXX object CMakeFiles/cmTC_e7f7a.dir/CheckFunctionExists.cxx.o
/usr/bin/g++    -DCHECK_FUNCTION_EXISTS=pthread_create   -std=gnu++14 -o CMakeFiles/cmTC_e7f7a.dir/CheckFunctionExists.cxx.o -c /home/jr/SLAM/build/CMakeFiles/CheckLibraryExists/CheckFunctionExists.cxx
Linking CXX executable cmTC_e7f7a
/usr/bin/cmake -E cmake_link_script CMakeFiles/cmTC_e7f7a.dir/link.txt --verbose=1
/usr/bin/g++   -DCHECK_FUNCTION_EXISTS=pthread_create    CMakeFiles/cmTC_e7f7a.dir/CheckFunctionExists.cxx.o  -o cmTC_e7f7a -lpthreads 
/usr/bin/ld: cannot find -lpthreads
collect2: error: ld returned 1 exit status
CMakeFiles/cmTC_e7f7a.dir/build.make:97: recipe for target 'cmTC_e7f7a' failed
make[1]: *** [cmTC_e7f7a] Error 1
make[1]: Leaving directory '/home/jr/SLAM/build/CMakeFiles/CMakeTmp'
Makefile:126: recipe for target 'cmTC_e7f7a/fast' failed
make: *** [cmTC_e7f7a/fast] Error 2


Performing C++ SOURCE FILE Test CMAKE_HAVE_LIBC_PTHREAD failed with the following output:
Change Dir: /home/jr/SLAM/build/CMakeFiles/CMakeTmp

Run Build Command(s):/usr/bin/make -f Makefile cmTC_a9867/fast && /usr/bin/make  -f CMakeFiles/cmTC_a9867.dir/build.make CMakeFiles/cmTC_a9867.dir/build
make[1]: Entering directory '/home/jr/SLAM/build/CMakeFiles/CMakeTmp'
Building CXX object CMakeFiles/cmTC_a9867.dir/src.cxx.o
/usr/bin/g++ -DCMAKE_HAVE_LIBC_PTHREAD  -std=gnu++14 -o CMakeFiles/cmTC_a9867.dir/src.cxx.o -c /home/jr/SLAM/build/CMakeFiles/CMakeTmp/src.cxx
Linking CXX executable cmTC_a9867
/snap/cmake/1088/bin/cmake -E cmake_link_script CMakeFiles/cmTC_a9867.dir/link.txt --verbose=1
/usr/bin/g++ CMakeFiles/cmTC_a9867.dir/src.cxx.o -o cmTC_a9867 
CMakeFiles/cmTC_a9867.dir/src.cxx.o: In function `main':
src.cxx:(.text+0x3e): undefined reference to `pthread_create'
src.cxx:(.text+0x4a): undefined reference to `pthread_detach'
src.cxx:(.text+0x56): undefined reference to `pthread_cancel'
src.cxx:(.text+0x67): undefined reference to `pthread_join'
src.cxx:(.text+0x7b): undefined reference to `pthread_atfork'
collect2: error: ld returned 1 exit status
CMakeFiles/cmTC_a9867.dir/build.make:98: recipe for target 'cmTC_a9867' failed
make[1]: *** [cmTC_a9867] Error 1
make[1]: Leaving directory '/home/jr/SLAM/build/CMakeFiles/CMakeTmp'
Makefile:127: recipe for target 'cmTC_a9867/fast' failed
make: *** [cmTC_a9867/fast] Error 2


Source file was:
#include <pthread.h>

static void* test_func(void* data)
{
  return data;
}

int main(void)
{
  pthread_t thread;
  pthread_create(&thread, NULL, test_func, NULL);
  pthread_detach(thread);
  pthread_cancel(thread);
  pthread_join(thread, NULL);
  pthread_atfork(NULL, NULL, NULL);
  pthread_exit(NULL);

  return 0;
}

